<?xml version="1.0" encoding="UTF-8"?>
<!-- Generated by org.testng.reporters.JUnitReportReporter -->
<testsuite hostname="CHAITUVINI" failures="0" tests="1" name="TestCases.Tc3Test" time="0.011" errors="0" timestamp="2023-01-04T12:19:56 IST" skipped="0">
  <testcase classname="TestCases.Tc3Test" name="m3" time="0.011"/>
  <system-out>
    <![CDATA[tc3 running]]>
  </system-out>
</testsuite> <!-- TestCases.Tc3Test -->
