<?xml version="1.0" encoding="UTF-8"?>
<!-- Generated by org.testng.reporters.JUnitReportReporter -->
<testsuite hostname="CHAITUVINI" failures="0" tests="1" name="TestCases.Tc2Test" time="0.048" errors="0" timestamp="2023-01-04T12:19:56 IST" skipped="0">
  <testcase classname="TestCases.Tc2Test" name="m2" time="0.048"/>
  <system-out>
    <![CDATA[tc2 running]]>
  </system-out>
</testsuite> <!-- TestCases.Tc2Test -->
